{
"contracts\\Arthmetic.sol":{"l":{"12":1,"13":0,"14":1,"15":1,"16":1,"17":1,"18":1,"20":0,"22":1,"24":0,"26":1,"27":0,"29":1,"36":1,"37":1,"38":1,"40":0,"41":0,"42":0,"43":0,"44":0,"46":0,"47":0,"48":0,"49":0,"50":0,"52":0,"56":1,"60":1,"61":1,"62":1,"64":4,"65":1,"70":1,"71":1,"73":4,"75":1,"77":0},"path":"C:\\Users\\ramah\\personal-projects\\musc-testing-r2-custom\\contracts\\Arthmetic.sol","s":{"1":1,"2":0,"3":1,"4":1,"5":1,"6":1,"7":1,"8":0,"9":1,"10":0,"11":1,"12":0,"13":1,"14":1,"15":1,"16":1,"17":0,"18":0,"19":0,"20":0,"21":0,"22":0,"23":0,"24":0,"25":0,"26":0,"27":1,"28":1,"29":1,"30":1,"31":4,"32":1,"33":1,"34":1,"35":4,"36":1,"37":0},"b":{"1":[0,1],"2":[0,1],"3":[1,0],"4":[1,3]},"f":{"1":1,"2":1,"3":1,"4":1,"5":1},"fnMap":{"1":{"name":"compareSums","line":11,"loc":{"start":{"line":11,"column":4},"end":{"line":31,"column":4}}},"2":{"name":"turnToString","line":34,"loc":{"start":{"line":34,"column":4},"end":{"line":53,"column":4}}},"3":{"name":"pwr","line":55,"loc":{"start":{"line":55,"column":4},"end":{"line":57,"column":4}}},"4":{"name":"contains","line":59,"loc":{"start":{"line":59,"column":4},"end":{"line":67,"column":4}}},"5":{"name":"concati","line":68,"loc":{"start":{"line":68,"column":4},"end":{"line":80,"column":4}}}},"statementMap":{"1":{"start":{"line":12,"column":8},"end":{"line":12,"column":293}},"2":{"start":{"line":13,"column":12},"end":{"line":13,"column":19}},"3":{"start":{"line":14,"column":8},"end":{"line":14,"column":21}},"4":{"start":{"line":15,"column":8},"end":{"line":15,"column":21}},"5":{"start":{"line":16,"column":8},"end":{"line":16,"column":24}},"6":{"start":{"line":17,"column":8},"end":{"line":17,"column":24}},"7":{"start":{"line":18,"column":8},"end":{"line":18,"column":459}},"8":{"start":{"line":20,"column":12},"end":{"line":20,"column":28}},"9":{"start":{"line":22,"column":9},"end":{"line":22,"column":551}},"10":{"start":{"line":24,"column":12},"end":{"line":24,"column":28}},"11":{"start":{"line":26,"column":8},"end":{"line":26,"column":650}},"12":{"start":{"line":27,"column":8},"end":{"line":27,"column":15}},"13":{"start":{"line":29,"column":8},"end":{"line":29,"column":15}},"14":{"start":{"line":36,"column":8},"end":{"line":36,"column":27}},"15":{"start":{"line":37,"column":8},"end":{"line":37,"column":915}},"16":{"start":{"line":38,"column":12},"end":{"line":38,"column":22}},"17":{"start":{"line":40,"column":8},"end":{"line":40,"column":26}},"18":{"start":{"line":41,"column":8},"end":{"line":41,"column":22}},"19":{"start":{"line":42,"column":8},"end":{"line":42,"column":1032}},"20":{"start":{"line":44,"column":12},"end":{"line":44,"column":21}},"21":{"start":{"line":46,"column":8},"end":{"line":46,"column":47}},"22":{"start":{"line":47,"column":8},"end":{"line":47,"column":1170}},"23":{"start":{"line":48,"column":12},"end":{"line":48,"column":22}},"24":{"start":{"line":49,"column":12},"end":{"line":49,"column":67}},"25":{"start":{"line":50,"column":12},"end":{"line":50,"column":20}},"26":{"start":{"line":52,"column":8},"end":{"line":52,"column":29}},"27":{"start":{"line":56,"column":8},"end":{"line":56,"column":18}},"28":{"start":{"line":60,"column":8},"end":{"line":60,"column":21}},"29":{"start":{"line":61,"column":8},"end":{"line":61,"column":15}},"30":{"start":{"line":62,"column":8},"end":{"line":62,"column":1536}},"31":{"start":{"line":64,"column":12},"end":{"line":64,"column":1607}},"32":{"start":{"line":65,"column":12},"end":{"line":65,"column":19}},"33":{"start":{"line":70,"column":8},"end":{"line":70,"column":21}},"34":{"start":{"line":71,"column":8},"end":{"line":71,"column":1726}},"35":{"start":{"line":73,"column":12},"end":{"line":73,"column":32}},"36":{"start":{"line":75,"column":8},"end":{"line":75,"column":1829}},"37":{"start":{"line":77,"column":12},"end":{"line":77,"column":32}}},"branchMap":{"1":{"line":12,"type":"if","locations":[{"start":{"line":12,"column":8},"end":{"line":12,"column":8}},{"start":{"line":12,"column":8},"end":{"line":12,"column":8}}]},"2":{"line":26,"type":"if","locations":[{"start":{"line":26,"column":8},"end":{"line":26,"column":8}},{"start":{"line":26,"column":8},"end":{"line":26,"column":8}}]},"3":{"line":37,"type":"if","locations":[{"start":{"line":37,"column":8},"end":{"line":37,"column":8}},{"start":{"line":37,"column":8},"end":{"line":37,"column":8}}]},"4":{"line":64,"type":"if","locations":[{"start":{"line":64,"column":12},"end":{"line":64,"column":12}},{"start":{"line":64,"column":12},"end":{"line":64,"column":12}}]}}},
"contracts\\EscMutation_one.sol":{"l":{"9":8,"10":8,"11":8,"15":1,"16":1,"17":1,"21":1,"25":1,"33":1,"41":1,"45":1,"46":1,"51":3,"52":1},"path":"C:\\Users\\ramah\\personal-projects\\musc-testing-r2-custom\\contracts\\EscMutation_one.sol","s":{"1":8,"2":8,"3":8,"4":1,"5":1,"6":1,"7":1,"8":1,"9":1,"10":1,"11":1,"12":3,"13":1},"b":{"1":[1,0]},"f":{"1":8,"2":1,"3":1,"4":1,"5":1,"6":1,"7":1,"8":3},"fnMap":{"1":{"name":"constructor","line":8,"loc":{"start":{"line":8,"column":4},"end":{"line":12,"column":4}}},"2":{"name":"deleteVariable","line":14,"loc":{"start":{"line":14,"column":4},"end":{"line":18,"column":4}}},"3":{"name":"getNow","line":20,"loc":{"start":{"line":20,"column":4},"end":{"line":22,"column":4}}},"4":{"name":"getMsgSender","line":24,"loc":{"start":{"line":24,"column":4},"end":{"line":26,"column":4}}},"5":{"name":"addThree","line":28,"loc":{"start":{"line":28,"column":4},"end":{"line":34,"column":4}}},"6":{"name":"mulThree","line":36,"loc":{"start":{"line":36,"column":4},"end":{"line":42,"column":4}}},"7":{"name":"updateInitiatedDate","line":44,"loc":{"start":{"line":44,"column":4},"end":{"line":48,"column":4}}},"8":{"name":"updateStatus","line":50,"loc":{"start":{"line":50,"column":4},"end":{"line":53,"column":4}}}},"statementMap":{"1":{"start":{"line":9,"column":8},"end":{"line":9,"column":29}},"2":{"start":{"line":10,"column":8},"end":{"line":10,"column":25}},"3":{"start":{"line":11,"column":8},"end":{"line":11,"column":27}},"4":{"start":{"line":15,"column":8},"end":{"line":15,"column":21}},"5":{"start":{"line":17,"column":8},"end":{"line":17,"column":16}},"6":{"start":{"line":21,"column":8},"end":{"line":21,"column":18}},"7":{"start":{"line":25,"column":8},"end":{"line":25,"column":25}},"8":{"start":{"line":33,"column":8},"end":{"line":33,"column":30}},"9":{"start":{"line":41,"column":8},"end":{"line":41,"column":30}},"10":{"start":{"line":45,"column":8},"end":{"line":45,"column":999}},"11":{"start":{"line":46,"column":12},"end":{"line":46,"column":28}},"12":{"start":{"line":51,"column":8},"end":{"line":51,"column":34}},"13":{"start":{"line":52,"column":8},"end":{"line":52,"column":25}}},"branchMap":{"1":{"line":45,"type":"if","locations":[{"start":{"line":45,"column":8},"end":{"line":45,"column":8}},{"start":{"line":45,"column":8},"end":{"line":45,"column":8}}]}}},
"contracts\\EscMutation_two.sol":{"l":{"7":5,"15":1,"16":1,"17":1,"18":1,"25":5,"29":3,"30":3,"31":1,"33":1,"35":0,"37":1,"39":3},"path":"C:\\Users\\ramah\\personal-projects\\musc-testing-r2-custom\\contracts\\EscMutation_two.sol","s":{"1":5,"2":1,"3":1,"4":1,"5":1,"6":5,"7":3,"8":3,"9":1,"10":2,"11":1,"12":1,"13":0,"14":1,"15":1,"16":3},"b":{"1":[1,0],"2":[3,2],"3":[1,2],"4":[1,1],"5":[0,1],"6":[1,0]},"f":{"1":5,"2":1,"3":5},"fnMap":{"1":{"name":"constructor","line":6,"loc":{"start":{"line":6,"column":4},"end":{"line":8,"column":4}}},"2":{"name":"sendHalfBalance","line":10,"loc":{"start":{"line":10,"column":4},"end":{"line":19,"column":4}}},"3":{"name":"updateContractBal","line":21,"loc":{"start":{"line":21,"column":4},"end":{"line":40,"column":4}}}},"statementMap":{"1":{"start":{"line":7,"column":8},"end":{"line":7,"column":28}},"2":{"start":{"line":15,"column":8},"end":{"line":15,"column":58}},"3":{"start":{"line":16,"column":8},"end":{"line":16,"column":32}},"4":{"start":{"line":17,"column":8},"end":{"line":17,"column":56}},"5":{"start":{"line":18,"column":8},"end":{"line":18,"column":30}},"6":{"start":{"line":25,"column":8},"end":{"line":25,"column":617}},"7":{"start":{"line":29,"column":8},"end":{"line":29,"column":20}},"8":{"start":{"line":30,"column":8},"end":{"line":30,"column":768}},"9":{"start":{"line":31,"column":12},"end":{"line":31,"column":27}},"10":{"start":{"line":32,"column":15},"end":{"line":32,"column":836}},"11":{"start":{"line":33,"column":12},"end":{"line":33,"column":30}},"12":{"start":{"line":34,"column":15},"end":{"line":34,"column":907}},"13":{"start":{"line":35,"column":12},"end":{"line":35,"column":29}},"14":{"start":{"line":36,"column":15},"end":{"line":36,"column":977}},"15":{"start":{"line":37,"column":12},"end":{"line":37,"column":29}},"16":{"start":{"line":39,"column":8},"end":{"line":39,"column":29}}},"branchMap":{"1":{"line":15,"type":"if","locations":[{"start":{"line":15,"column":8},"end":{"line":15,"column":8}},{"start":{"line":15,"column":8},"end":{"line":15,"column":8}}]},"2":{"line":25,"type":"if","locations":[{"start":{"line":25,"column":8},"end":{"line":25,"column":8}},{"start":{"line":25,"column":8},"end":{"line":25,"column":8}}]},"3":{"line":30,"type":"if","locations":[{"start":{"line":30,"column":8},"end":{"line":30,"column":8}},{"start":{"line":30,"column":8},"end":{"line":30,"column":8}}]},"4":{"line":32,"type":"if","locations":[{"start":{"line":32,"column":15},"end":{"line":32,"column":15}},{"start":{"line":32,"column":15},"end":{"line":32,"column":15}}]},"5":{"line":34,"type":"if","locations":[{"start":{"line":34,"column":15},"end":{"line":34,"column":15}},{"start":{"line":34,"column":15},"end":{"line":34,"column":15}}]},"6":{"line":36,"type":"if","locations":[{"start":{"line":36,"column":15},"end":{"line":36,"column":15}},{"start":{"line":36,"column":15},"end":{"line":36,"column":15}}]}}},
"contracts\\MutationOperators.sol":{"l":{"16":3,"17":3,"21":2,"22":2,"23":1,"26":1,"28":2},"path":"C:\\Users\\ramah\\personal-projects\\musc-testing-r2-custom\\contracts\\MutationOperators.sol","s":{"1":3,"2":3,"3":2,"4":2,"5":1,"6":1,"7":2},"b":{"1":[1,1]},"f":{"1":3,"2":2},"fnMap":{"1":{"name":"setData","line":15,"loc":{"start":{"line":15,"column":4},"end":{"line":18,"column":4}}},"2":{"name":"aAndbSquare","line":20,"loc":{"start":{"line":20,"column":4},"end":{"line":29,"column":4}}}},"statementMap":{"1":{"start":{"line":16,"column":8},"end":{"line":16,"column":11}},"2":{"start":{"line":17,"column":8},"end":{"line":17,"column":11}},"3":{"start":{"line":21,"column":8},"end":{"line":21,"column":21}},"4":{"start":{"line":22,"column":8},"end":{"line":22,"column":460}},"5":{"start":{"line":23,"column":12},"end":{"line":23,"column":39}},"6":{"start":{"line":26,"column":12},"end":{"line":26,"column":39}},"7":{"start":{"line":28,"column":8},"end":{"line":28,"column":21}}},"branchMap":{"1":{"line":22,"type":"if","locations":[{"start":{"line":22,"column":8},"end":{"line":22,"column":8}},{"start":{"line":22,"column":8},"end":{"line":22,"column":8}}]}}},
"contracts\\MutationOperatorsTwo.sol":{"l":{"14":1,"15":1,"16":10,"18":1,"22":0,"23":0,"27":0,"28":0,"32":0,"33":0,"34":0},"path":"C:\\Users\\ramah\\personal-projects\\musc-testing-r2-custom\\contracts\\MutationOperatorsTwo.sol","s":{"1":1,"2":1,"3":10,"4":1,"5":0,"6":0,"7":0,"8":0,"9":0,"10":0,"11":0},"b":{},"f":{"1":1,"2":0,"3":0,"4":0},"fnMap":{"1":{"name":"sum","line":13,"loc":{"start":{"line":13,"column":4},"end":{"line":19,"column":4}}},"2":{"name":"setUsingMemory","line":21,"loc":{"start":{"line":21,"column":4},"end":{"line":24,"column":4}}},"3":{"name":"getUsingMemory","line":26,"loc":{"start":{"line":26,"column":4},"end":{"line":29,"column":4}}},"4":{"name":"depositAmount","line":31,"loc":{"start":{"line":31,"column":4},"end":{"line":35,"column":4}}}},"statementMap":{"1":{"start":{"line":14,"column":8},"end":{"line":14,"column":23}},"2":{"start":{"line":15,"column":8},"end":{"line":15,"column":336}},"3":{"start":{"line":16,"column":12},"end":{"line":16,"column":24}},"4":{"start":{"line":18,"column":8},"end":{"line":18,"column":18}},"5":{"start":{"line":22,"column":8},"end":{"line":22,"column":42}},"6":{"start":{"line":23,"column":8},"end":{"line":23,"column":26}},"7":{"start":{"line":27,"column":8},"end":{"line":27,"column":42}},"8":{"start":{"line":28,"column":8},"end":{"line":28,"column":25}},"9":{"start":{"line":32,"column":8},"end":{"line":32,"column":25}},"10":{"start":{"line":33,"column":8},"end":{"line":33,"column":31}},"11":{"start":{"line":34,"column":8},"end":{"line":34,"column":22}}},"branchMap":{}},
"contracts\\Test1.sol":{"l":{"10":0,"11":0,"12":0,"13":0,"14":0,"15":0,"16":0,"32":1,"33":1,"35":4,"36":1,"40":1,"41":1,"42":1,"43":1,"44":1,"45":1,"47":4,"48":4,"49":4,"51":4,"53":1,"56":4,"58":3,"62":1,"66":1,"67":1,"68":1,"69":1,"71":4,"72":1,"73":4,"74":3,"76":1},"path":"C:\\Users\\ramah\\personal-projects\\musc-testing-r2-custom\\contracts\\Test1.sol","s":{"1":0,"2":0,"3":0,"4":0,"5":0,"6":0,"7":0,"8":1,"9":1,"10":4,"11":1,"12":1,"13":1,"14":1,"15":1,"16":1,"17":1,"18":4,"19":4,"20":4,"21":4,"22":1,"23":4,"24":1,"25":1,"26":1,"27":1,"28":1,"29":4,"30":1,"31":4,"32":3,"33":1},"b":{"1":[0,0],"2":[1,3],"3":[1,3],"4":[3,1],"5":[1,3],"6":[3,1]},"f":{"1":0,"2":1,"3":1,"4":1},"fnMap":{"1":{"name":"sort","line":9,"loc":{"start":{"line":9,"column":4},"end":{"line":20,"column":4}}},"2":{"name":"indexOfInt","line":31,"loc":{"start":{"line":31,"column":1},"end":{"line":38,"column":4}}},"3":{"name":"uniqueItemCount","line":39,"loc":{"start":{"line":39,"column":4},"end":{"line":63,"column":4}}},"4":{"name":"getRange","line":65,"loc":{"start":{"line":65,"column":1},"end":{"line":77,"column":1}}}},"statementMap":{"1":{"start":{"line":10,"column":8},"end":{"line":10,"column":35}},"2":{"start":{"line":11,"column":8},"end":{"line":11,"column":230}},"3":{"start":{"line":12,"column":12},"end":{"line":12,"column":282}},"4":{"start":{"line":13,"column":16},"end":{"line":13,"column":340}},"5":{"start":{"line":14,"column":20},"end":{"line":14,"column":41}},"6":{"start":{"line":15,"column":20},"end":{"line":15,"column":34}},"7":{"start":{"line":16,"column":20},"end":{"line":16,"column":32}},"8":{"start":{"line":32,"column":8},"end":{"line":32,"column":21}},"9":{"start":{"line":33,"column":8},"end":{"line":33,"column":829}},"10":{"start":{"line":35,"column":12},"end":{"line":35,"column":898}},"11":{"start":{"line":36,"column":16},"end":{"line":36,"column":23}},"12":{"start":{"line":40,"column":8},"end":{"line":40,"column":21}},"13":{"start":{"line":41,"column":8},"end":{"line":41,"column":21}},"14":{"start":{"line":42,"column":8},"end":{"line":42,"column":25}},"15":{"start":{"line":43,"column":8},"end":{"line":43,"column":21}},"16":{"start":{"line":44,"column":8},"end":{"line":44,"column":26}},"17":{"start":{"line":45,"column":8},"end":{"line":45,"column":1122}},"18":{"start":{"line":47,"column":12},"end":{"line":47,"column":24}},"19":{"start":{"line":48,"column":12},"end":{"line":48,"column":28}},"20":{"start":{"line":49,"column":12},"end":{"line":49,"column":1239}},"21":{"start":{"line":51,"column":16},"end":{"line":51,"column":1304}},"22":{"start":{"line":53,"column":20},"end":{"line":53,"column":33}},"23":{"start":{"line":56,"column":12},"end":{"line":56,"column":1426}},"24":{"start":{"line":62,"column":8},"end":{"line":62,"column":19}},"25":{"start":{"line":66,"column":2},"end":{"line":66,"column":15}},"26":{"start":{"line":67,"column":2},"end":{"line":67,"column":18}},"27":{"start":{"line":68,"column":2},"end":{"line":68,"column":20}},"28":{"start":{"line":69,"column":8},"end":{"line":69,"column":1664}},"29":{"start":{"line":71,"column":12},"end":{"line":71,"column":1738}},"30":{"start":{"line":72,"column":16},"end":{"line":72,"column":28}},"31":{"start":{"line":73,"column":3},"end":{"line":73,"column":1779}},"32":{"start":{"line":74,"column":4},"end":{"line":74,"column":15}},"33":{"start":{"line":76,"column":2},"end":{"line":76,"column":18}}},"branchMap":{"1":{"line":13,"type":"if","locations":[{"start":{"line":13,"column":16},"end":{"line":13,"column":16}},{"start":{"line":13,"column":16},"end":{"line":13,"column":16}}]},"2":{"line":35,"type":"if","locations":[{"start":{"line":35,"column":12},"end":{"line":35,"column":12}},{"start":{"line":35,"column":12},"end":{"line":35,"column":12}}]},"3":{"line":51,"type":"if","locations":[{"start":{"line":51,"column":16},"end":{"line":51,"column":16}},{"start":{"line":51,"column":16},"end":{"line":51,"column":16}}]},"4":{"line":56,"type":"if","locations":[{"start":{"line":56,"column":12},"end":{"line":56,"column":12}},{"start":{"line":56,"column":12},"end":{"line":56,"column":12}}]},"5":{"line":71,"type":"if","locations":[{"start":{"line":71,"column":12},"end":{"line":71,"column":12}},{"start":{"line":71,"column":12},"end":{"line":71,"column":12}}]},"6":{"line":73,"type":"if","locations":[{"start":{"line":73,"column":3},"end":{"line":73,"column":3}},{"start":{"line":73,"column":3},"end":{"line":73,"column":3}}]}}},
"contracts\\Traditional_one.sol":{"l":{"32":0,"33":0,"34":0,"44":0,"45":0,"46":0,"47":0,"48":0,"50":0,"51":0,"53":0,"54":0,"55":0,"56":0,"57":0,"62":0,"64":0,"65":0,"69":0,"74":0,"75":0,"76":0,"77":0,"78":0,"79":0,"81":0},"path":"C:\\Users\\ramah\\personal-projects\\musc-testing-r2-custom\\contracts\\Traditional_one.sol","s":{"1":0,"2":0,"3":0,"4":0,"5":0,"6":0,"7":0,"8":0,"9":0,"10":0,"11":0,"12":0,"13":0,"14":0,"15":0,"16":0,"17":0,"18":0,"19":0,"20":0,"21":0,"22":0,"23":0,"24":0,"25":0,"26":0,"27":0,"28":0},"b":{"1":[0,0],"2":[0,0],"3":[0,0],"4":[0,0],"5":[0,0],"6":[0,0]},"f":{"1":0,"2":0,"3":0},"fnMap":{"1":{"name":"indexOfInt","line":31,"loc":{"start":{"line":31,"column":4},"end":{"line":36,"column":4}}},"2":{"name":"indexOf","line":39,"loc":{"start":{"line":39,"column":4},"end":{"line":71,"column":4}}},"3":{"name":"getRange","line":73,"loc":{"start":{"line":73,"column":4},"end":{"line":82,"column":4}}}},"statementMap":{"1":{"start":{"line":32,"column":8},"end":{"line":32,"column":21}},"2":{"start":{"line":33,"column":8},"end":{"line":33,"column":893}},"3":{"start":{"line":34,"column":12},"end":{"line":34,"column":37}},"4":{"start":{"line":34,"column":29},"end":{"line":34,"column":36}},"5":{"start":{"line":44,"column":8},"end":{"line":44,"column":39}},"6":{"start":{"line":45,"column":8},"end":{"line":45,"column":39}},"7":{"start":{"line":46,"column":8},"end":{"line":46,"column":34}},"8":{"start":{"line":47,"column":8},"end":{"line":47,"column":34}},"9":{"start":{"line":48,"column":8},"end":{"line":48,"column":17}},"10":{"start":{"line":50,"column":8},"end":{"line":50,"column":1335}},"11":{"start":{"line":51,"column":12},"end":{"line":51,"column":21}},"12":{"start":{"line":53,"column":12},"end":{"line":53,"column":29}},"13":{"start":{"line":54,"column":12},"end":{"line":54,"column":1483}},"14":{"start":{"line":55,"column":16},"end":{"line":55,"column":1544}},"15":{"start":{"line":56,"column":20},"end":{"line":56,"column":28}},"16":{"start":{"line":57,"column":20},"end":{"line":57,"column":1621}},"17":{"start":{"line":64,"column":20},"end":{"line":64,"column":1876}},"18":{"start":{"line":65,"column":24},"end":{"line":65,"column":40}},"19":{"start":{"line":69,"column":12},"end":{"line":69,"column":21}},"20":{"start":{"line":74,"column":8},"end":{"line":74,"column":21}},"21":{"start":{"line":75,"column":8},"end":{"line":75,"column":24}},"22":{"start":{"line":76,"column":8},"end":{"line":76,"column":26}},"23":{"start":{"line":77,"column":8},"end":{"line":77,"column":2155}},"24":{"start":{"line":78,"column":12},"end":{"line":78,"column":44}},"25":{"start":{"line":78,"column":31},"end":{"line":78,"column":43}},"26":{"start":{"line":79,"column":12},"end":{"line":79,"column":42}},"27":{"start":{"line":79,"column":30},"end":{"line":79,"column":41}},"28":{"start":{"line":81,"column":8},"end":{"line":81,"column":24}}},"branchMap":{"1":{"line":34,"type":"if","locations":[{"start":{"line":34,"column":12},"end":{"line":34,"column":12}},{"start":{"line":34,"column":12},"end":{"line":34,"column":12}}]},"2":{"line":50,"type":"if","locations":[{"start":{"line":50,"column":8},"end":{"line":50,"column":8}},{"start":{"line":50,"column":8},"end":{"line":50,"column":8}}]},"3":{"line":55,"type":"if","locations":[{"start":{"line":55,"column":16},"end":{"line":55,"column":16}},{"start":{"line":55,"column":16},"end":{"line":55,"column":16}}]},"4":{"line":64,"type":"if","locations":[{"start":{"line":64,"column":20},"end":{"line":64,"column":20}},{"start":{"line":64,"column":20},"end":{"line":64,"column":20}}]},"5":{"line":78,"type":"if","locations":[{"start":{"line":78,"column":12},"end":{"line":78,"column":12}},{"start":{"line":78,"column":12},"end":{"line":78,"column":12}}]},"6":{"line":79,"type":"if","locations":[{"start":{"line":79,"column":12},"end":{"line":79,"column":12}},{"start":{"line":79,"column":12},"end":{"line":79,"column":12}}]}}}}
