TN:
SF:C:\Users\ramah\personal-projects\musc-testing-r2-custom\contracts\Arthmetic.sol
FN:11,compareSums
FN:34,turnToString
FN:55,pwr
FN:59,contains
FN:68,concati
FNF:5
FNH:5
FNDA:1,compareSums
FNDA:1,turnToString
FNDA:1,pwr
FNDA:1,contains
FNDA:1,concati
DA:12,1
DA:13,0
DA:14,1
DA:15,1
DA:16,1
DA:17,1
DA:18,1
DA:20,0
DA:22,1
DA:24,0
DA:26,1
DA:27,0
DA:29,1
DA:36,1
DA:37,1
DA:38,1
DA:40,0
DA:41,0
DA:42,0
DA:43,0
DA:44,0
DA:46,0
DA:47,0
DA:48,0
DA:49,0
DA:50,0
DA:52,0
DA:56,1
DA:60,1
DA:61,1
DA:62,1
DA:64,4
DA:65,1
DA:70,1
DA:71,1
DA:73,4
DA:75,1
DA:77,0
LF:38
LH:22
BRDA:12,1,0,0
BRDA:12,1,1,1
BRDA:26,2,0,0
BRDA:26,2,1,1
BRDA:37,3,0,1
BRDA:37,3,1,0
BRDA:64,4,0,1
BRDA:64,4,1,3
BRF:8
BRH:5
end_of_record
TN:
SF:C:\Users\ramah\personal-projects\musc-testing-r2-custom\contracts\EscMutation_one.sol
FN:8,constructor
FN:14,deleteVariable
FN:20,getNow
FN:24,getMsgSender
FN:28,addThree
FN:36,mulThree
FN:44,updateInitiatedDate
FN:50,updateStatus
FNF:8
FNH:8
FNDA:8,constructor
FNDA:1,deleteVariable
FNDA:1,getNow
FNDA:1,getMsgSender
FNDA:1,addThree
FNDA:1,mulThree
FNDA:1,updateInitiatedDate
FNDA:3,updateStatus
DA:9,8
DA:10,8
DA:11,8
DA:15,1
DA:16,1
DA:17,1
DA:21,1
DA:25,1
DA:33,1
DA:41,1
DA:45,1
DA:46,1
DA:51,3
DA:52,1
LF:14
LH:14
BRDA:45,1,0,1
BRDA:45,1,1,0
BRF:2
BRH:1
end_of_record
TN:
SF:C:\Users\ramah\personal-projects\musc-testing-r2-custom\contracts\EscMutation_two.sol
FN:6,constructor
FN:10,sendHalfBalance
FN:21,updateContractBal
FNF:3
FNH:3
FNDA:5,constructor
FNDA:1,sendHalfBalance
FNDA:5,updateContractBal
DA:7,5
DA:15,1
DA:16,1
DA:17,1
DA:18,1
DA:25,5
DA:29,3
DA:30,3
DA:31,1
DA:33,1
DA:35,0
DA:37,1
DA:39,3
LF:13
LH:12
BRDA:15,1,0,1
BRDA:15,1,1,0
BRDA:25,2,0,3
BRDA:25,2,1,2
BRDA:30,3,0,1
BRDA:30,3,1,2
BRDA:32,4,0,1
BRDA:32,4,1,1
BRDA:34,5,0,0
BRDA:34,5,1,1
BRDA:36,6,0,1
BRDA:36,6,1,0
BRF:12
BRH:9
end_of_record
TN:
SF:C:\Users\ramah\personal-projects\musc-testing-r2-custom\contracts\MutationOperators.sol
FN:15,setData
FN:20,aAndbSquare
FNF:2
FNH:2
FNDA:3,setData
FNDA:2,aAndbSquare
DA:16,3
DA:17,3
DA:21,2
DA:22,2
DA:23,1
DA:26,1
DA:28,2
LF:7
LH:7
BRDA:22,1,0,1
BRDA:22,1,1,1
BRF:2
BRH:2
end_of_record
TN:
SF:C:\Users\ramah\personal-projects\musc-testing-r2-custom\contracts\MutationOperatorsTwo.sol
FN:13,sum
FN:21,setUsingMemory
FN:26,getUsingMemory
FN:31,depositAmount
FNF:4
FNH:1
FNDA:1,sum
FNDA:0,setUsingMemory
FNDA:0,getUsingMemory
FNDA:0,depositAmount
DA:14,1
DA:15,1
DA:16,10
DA:18,1
DA:22,0
DA:23,0
DA:27,0
DA:28,0
DA:32,0
DA:33,0
DA:34,0
LF:11
LH:4
BRF:0
BRH:0
end_of_record
TN:
SF:C:\Users\ramah\personal-projects\musc-testing-r2-custom\contracts\Test1.sol
FN:9,sort
FN:31,indexOfInt
FN:39,uniqueItemCount
FN:65,getRange
FNF:4
FNH:3
FNDA:0,sort
FNDA:1,indexOfInt
FNDA:1,uniqueItemCount
FNDA:1,getRange
DA:10,0
DA:11,0
DA:12,0
DA:13,0
DA:14,0
DA:15,0
DA:16,0
DA:32,1
DA:33,1
DA:35,4
DA:36,1
DA:40,1
DA:41,1
DA:42,1
DA:43,1
DA:44,1
DA:45,1
DA:47,4
DA:48,4
DA:49,4
DA:51,4
DA:53,1
DA:56,4
DA:58,3
DA:62,1
DA:66,1
DA:67,1
DA:68,1
DA:69,1
DA:71,4
DA:72,1
DA:73,4
DA:74,3
DA:76,1
LF:34
LH:27
BRDA:13,1,0,0
BRDA:13,1,1,0
BRDA:35,2,0,1
BRDA:35,2,1,3
BRDA:51,3,0,1
BRDA:51,3,1,3
BRDA:56,4,0,3
BRDA:56,4,1,1
BRDA:71,5,0,1
BRDA:71,5,1,3
BRDA:73,6,0,3
BRDA:73,6,1,1
BRF:12
BRH:10
end_of_record
TN:
SF:C:\Users\ramah\personal-projects\musc-testing-r2-custom\contracts\Traditional_one.sol
FN:31,indexOfInt
FN:39,indexOf
FN:73,getRange
FNF:3
FNH:0
FNDA:0,indexOfInt
FNDA:0,indexOf
FNDA:0,getRange
DA:32,0
DA:33,0
DA:34,0
DA:44,0
DA:45,0
DA:46,0
DA:47,0
DA:48,0
DA:50,0
DA:51,0
DA:53,0
DA:54,0
DA:55,0
DA:56,0
DA:57,0
DA:62,0
DA:64,0
DA:65,0
DA:69,0
DA:74,0
DA:75,0
DA:76,0
DA:77,0
DA:78,0
DA:79,0
DA:81,0
LF:26
LH:0
BRDA:34,1,0,0
BRDA:34,1,1,0
BRDA:50,2,0,0
BRDA:50,2,1,0
BRDA:55,3,0,0
BRDA:55,3,1,0
BRDA:64,4,0,0
BRDA:64,4,1,0
BRDA:78,5,0,0
BRDA:78,5,1,0
BRDA:79,6,0,0
BRDA:79,6,1,0
BRF:12
BRH:0
end_of_record
